# JRE version: OpenJDK Runtime Environment Temurin-17.0.7+7 (17.0.7+7) (build 17.0.7+7)
# Java VM: OpenJDK 64-Bit Server VM Temurin-17.0.7+7 (17.0.7+7, mixed mode, sharing, tiered, compressed oops, compressed class ptrs, g1 gc, windows-amd64)
GC Precious Log:
 CPUs: 12 total, 12 available
 Memory: 16004M
 Large Page Support: Disabled
 NUMA Support: Disabled
 Compressed Oops: Enabled (Zero based)
 Heap Region Size: 2M
 Heap Min Capacity: 512M
 Heap Initial Capacity: 512M
 Heap Max Capacity: 4072M
 Pre-touch: Disabled
 Parallel Workers: 10
 Concurrent Workers: 3
 Concurrent Refinement Workers: 10
 Periodic GC: Disabled
 String Deduplication is enabled
Heap:
 garbage-first heap   total 524288K, used 111137K [0x0000000701800000, 0x0000000800000000)
  region size 2048K, 17 young (34816K), 2 survivors (4096K)
 Metaspace       used 81506K, committed 82048K, reserved 1179648K
  class space    used 11266K, committed 11520K, reserved 1048576K
GC Heap History (20 events):
Event: 1987.793 GC heap before
{Heap before GC invocations=74 (full 3):
 garbage-first heap   total 524288K, used 160776K [0x0000000701800000, 0x0000000800000000)
  region size 2048K, 40 young (81920K), 1 survivors (2048K)
 Metaspace       used 81124K, committed 81664K, reserved 1179648K
  class space    used 11260K, committed 11520K, reserved 1048576K
}
Event: 1987.796 GC heap after
{Heap after GC invocations=75 (full 3):
 garbage-first heap   total 524288K, used 81000K [0x0000000701800000, 0x0000000800000000)
  region size 2048K, 1 young (2048K), 1 survivors (2048K)
 Metaspace       used 81124K, committed 81664K, reserved 1179648K
  class space    used 11260K, committed 11520K, reserved 1048576K
}
Event: 1988.344 GC heap before
{Heap before GC invocations=75 (full 3):
 garbage-first heap   total 524288K, used 160872K [0x0000000701800000, 0x0000000800000000)
  region size 2048K, 40 young (81920K), 1 survivors (2048K)
 Metaspace       used 81124K, committed 81664K, reserved 1179648K
  class space    used 11260K, committed 11520K, reserved 1048576K
}
Event: 1988.349 GC heap after
{Heap after GC invocations=76 (full 3):
 garbage-first heap   total 524288K, used 80771K [0x0000000701800000, 0x0000000800000000)
  region size 2048K, 1 young (2048K), 1 survivors (2048K)
 Metaspace       used 81124K, committed 81664K, reserved 1179648K
  class space    used 11260K, committed 11520K, reserved 1048576K
}
Event: 1989.339 GC heap before
{Heap before GC invocations=76 (full 3):
 garbage-first heap   total 524288K, used 160643K [0x0000000701800000, 0x0000000800000000)
  region size 2048K, 40 young (81920K), 1 survivors (2048K)
 Metaspace       used 81124K, committed 81664K, reserved 1179648K
  class space    used 11260K, committed 11520K, reserved 1048576K
}
Event: 1989.341 GC heap after
{Heap after GC invocations=77 (full 3):
 garbage-first heap   total 524288K, used 80796K [0x0000000701800000, 0x0000000800000000)
  region size 2048K, 1 young (2048K), 1 survivors (2048K)
 Metaspace       used 81124K, committed 81664K, reserved 1179648K
  class space    used 11260K, committed 11520K, reserved 1048576K
}
Event: 2006.239 GC heap before
{Heap before GC invocations=77 (full 3):
 garbage-first heap   total 524288K, used 160668K [0x0000000701800000, 0x0000000800000000)
  region size 2048K, 40 young (81920K), 1 survivors (2048K)
 Metaspace       used 81172K, committed 81728K, reserved 1179648K
  class space    used 11262K, committed 11520K, reserved 1048576K
}
Event: 2006.245 GC heap after
{Heap after GC invocations=78 (full 3):
 garbage-first heap   total 524288K, used 81497K [0x0000000701800000, 0x0000000800000000)
  region size 2048K, 1 young (2048K), 1 survivors (2048K)
 Metaspace       used 81172K, committed 81728K, reserved 1179648K
  class space    used 11262K, committed 11520K, reserved 1048576K
}
Event: 2012.837 GC heap before
{Heap before GC invocations=78 (full 3):
 garbage-first heap   total 524288K, used 161369K [0x0000000701800000, 0x0000000800000000)
  region size 2048K, 40 young (81920K), 1 survivors (2048K)
 Metaspace       used 81187K, committed 81728K, reserved 1179648K
  class space    used 11262K, committed 11520K, reserved 1048576K
}
Event: 2012.841 GC heap after
{Heap after GC invocations=79 (full 3):
 garbage-first heap   total 524288K, used 81536K [0x0000000701800000, 0x0000000800000000)
  region size 2048K, 1 young (2048K), 1 survivors (2048K)
 Metaspace       used 81187K, committed 81728K, reserved 1179648K
  class space    used 11262K, committed 11520K, reserved 1048576K
}
Event: 2052.120 GC heap before
{Heap before GC invocations=79 (full 3):
 garbage-first heap   total 524288K, used 161408K [0x0000000701800000, 0x0000000800000000)
  region size 2048K, 40 young (81920K), 1 survivors (2048K)
 Metaspace       used 81239K, committed 81792K, reserved 1179648K
  class space    used 11265K, committed 11520K, reserved 1048576K
}
Event: 2052.128 GC heap after
{Heap after GC invocations=80 (full 3):
 garbage-first heap   total 524288K, used 81623K [0x0000000701800000, 0x0000000800000000)
  region size 2048K, 1 young (2048K), 1 survivors (2048K)
 Metaspace       used 81239K, committed 81792K, reserved 1179648K
  class space    used 11265K, committed 11520K, reserved 1048576K
}
Event: 2058.681 GC heap before
{Heap before GC invocations=80 (full 3):
 garbage-first heap   total 524288K, used 161495K [0x0000000701800000, 0x0000000800000000)
  region size 2048K, 40 young (81920K), 1 survivors (2048K)
 Metaspace       used 81362K, committed 81920K, reserved 1179648K
  class space    used 11266K, committed 11520K, reserved 1048576K
}
Event: 2058.685 GC heap after
{Heap after GC invocations=81 (full 3):
 garbage-first heap   total 524288K, used 82342K [0x0000000701800000, 0x0000000800000000)
  region size 2048K, 2 young (4096K), 2 survivors (4096K)
 Metaspace       used 81362K, committed 81920K, reserved 1179648K
  class space    used 11266K, committed 11520K, reserved 1048576K
}
Event: 2061.794 GC heap before
{Heap before GC invocations=81 (full 3):
 garbage-first heap   total 524288K, used 160166K [0x0000000701800000, 0x0000000800000000)
  region size 2048K, 40 young (81920K), 2 survivors (4096K)
 Metaspace       used 81387K, committed 81984K, reserved 1179648K
  class space    used 11266K, committed 11520K, reserved 1048576K
}
Event: 2061.797 GC heap after
{Heap after GC invocations=82 (full 3):
 garbage-first heap   total 524288K, used 81972K [0x0000000701800000, 0x0000000800000000)
  region size 2048K, 1 young (2048K), 1 survivors (2048K)
 Metaspace       used 81387K, committed 81984K, reserved 1179648K
  class space    used 11266K, committed 11520K, reserved 1048576K
}
Event: 2068.833 GC heap before
{Heap before GC invocations=82 (full 3):
 garbage-first heap   total 524288K, used 161844K [0x0000000701800000, 0x0000000800000000)
  region size 2048K, 40 young (81920K), 1 survivors (2048K)
 Metaspace       used 81421K, committed 81984K, reserved 1179648K
  class space    used 11266K, committed 11520K, reserved 1048576K
}
Event: 2068.839 GC heap after
{Heap after GC invocations=83 (full 3):
 garbage-first heap   total 524288K, used 81690K [0x0000000701800000, 0x0000000800000000)
  region size 2048K, 1 young (2048K), 1 survivors (2048K)
 Metaspace       used 81421K, committed 81984K, reserved 1179648K
  class space    used 11266K, committed 11520K, reserved 1048576K
}
Event: 2077.213 GC heap before
{Heap before GC invocations=83 (full 3):
 garbage-first heap   total 524288K, used 161562K [0x0000000701800000, 0x0000000800000000)
  region size 2048K, 40 young (81920K), 1 survivors (2048K)
 Metaspace       used 81506K, committed 82048K, reserved 1179648K
  class space    used 11266K, committed 11520K, reserved 1048576K
}
Event: 2077.219 GC heap after
{Heap after GC invocations=84 (full 3):
 garbage-first heap   total 524288K, used 82465K [0x0000000701800000, 0x0000000800000000)
  region size 2048K, 2 young (4096K), 2 survivors (4096K)
 Metaspace       used 81506K, committed 82048K, reserved 1179648K
  class space    used 11266K, committed 11520K, reserved 1048576K
}

