# JRE version: OpenJDK Runtime Environment Temurin-17.0.7+7 (17.0.7+7) (build 17.0.7+7)
# Java VM: OpenJDK 64-Bit Server VM Temurin-17.0.7+7 (17.0.7+7, mixed mode, sharing, tiered, compressed oops, compressed class ptrs, g1 gc, windows-amd64)
GC Precious Log:
 CPUs: 12 total, 12 available
 Memory: 16004M
 Large Page Support: Disabled
 NUMA Support: Disabled
 Compressed Oops: Enabled (Zero based)
 Heap Region Size: 2M
 Heap Min Capacity: 512M
 Heap Initial Capacity: 512M
 Heap Max Capacity: 4072M
 Pre-touch: Disabled
 Parallel Workers: 10
 Concurrent Workers: 3
 Concurrent Refinement Workers: 10
 Periodic GC: Disabled
 String Deduplication is enabled
Heap:
 garbage-first heap   total 524288K, used 168619K [0x0000000701800000, 0x0000000800000000)
  region size 2048K, 38 young (77824K), 1 survivors (2048K)
 Metaspace       used 77862K, committed 78464K, reserved 1179648K
  class space    used 10830K, committed 11136K, reserved 1048576K
GC Heap History (20 events):
Event: 485.399 GC heap before
{Heap before GC invocations=23 (full 4):
 garbage-first heap   total 1398784K, used 158553K [0x0000000701800000, 0x0000000800000000)
  region size 2048K, 40 young (81920K), 3 survivors (6144K)
 Metaspace       used 75311K, committed 75840K, reserved 1114112K
  class space    used 10675K, committed 10944K, reserved 1048576K
}
Event: 485.406 GC heap after
{Heap after GC invocations=24 (full 4):
 garbage-first heap   total 1398784K, used 84194K [0x0000000701800000, 0x0000000800000000)
  region size 2048K, 3 young (6144K), 3 survivors (6144K)
 Metaspace       used 75311K, committed 75840K, reserved 1114112K
  class space    used 10675K, committed 10944K, reserved 1048576K
}
Event: 492.389 GC heap before
{Heap before GC invocations=24 (full 4):
 garbage-first heap   total 1398784K, used 159970K [0x0000000701800000, 0x0000000800000000)
  region size 2048K, 40 young (81920K), 3 survivors (6144K)
 Metaspace       used 75870K, committed 76480K, reserved 1179648K
  class space    used 10698K, committed 11008K, reserved 1048576K
}
Event: 492.398 GC heap after
{Heap after GC invocations=25 (full 4):
 garbage-first heap   total 1398784K, used 84921K [0x0000000701800000, 0x0000000800000000)
  region size 2048K, 3 young (6144K), 3 survivors (6144K)
 Metaspace       used 75870K, committed 76480K, reserved 1179648K
  class space    used 10698K, committed 11008K, reserved 1048576K
}
Event: 683.387 GC heap before
{Heap before GC invocations=25 (full 4):
 garbage-first heap   total 1398784K, used 183225K [0x0000000701800000, 0x0000000800000000)
  region size 2048K, 40 young (81920K), 3 survivors (6144K)
 Metaspace       used 76039K, committed 76608K, reserved 1179648K
  class space    used 10702K, committed 11008K, reserved 1048576K
}
Event: 683.403 GC heap after
{Heap after GC invocations=26 (full 4):
 garbage-first heap   total 1398784K, used 107942K [0x0000000701800000, 0x0000000800000000)
  region size 2048K, 4 young (8192K), 4 survivors (8192K)
 Metaspace       used 76039K, committed 76608K, reserved 1179648K
  class space    used 10702K, committed 11008K, reserved 1048576K
}
Event: 953.629 GC heap before
{Heap before GC invocations=26 (full 4):
 garbage-first heap   total 1398784K, used 193958K [0x0000000701800000, 0x0000000800000000)
  region size 2048K, 40 young (81920K), 4 survivors (8192K)
 Metaspace       used 76083K, committed 76672K, reserved 1179648K
  class space    used 10702K, committed 11008K, reserved 1048576K
}
Event: 953.647 GC heap after
{Heap after GC invocations=27 (full 4):
 garbage-first heap   total 1398784K, used 107655K [0x0000000701800000, 0x0000000800000000)
  region size 2048K, 2 young (4096K), 2 survivors (4096K)
 Metaspace       used 76083K, committed 76672K, reserved 1179648K
  class space    used 10702K, committed 11008K, reserved 1048576K
}
Event: 2723.877 GC heap before
{Heap before GC invocations=27 (full 4):
 garbage-first heap   total 1398784K, used 156807K [0x0000000701800000, 0x0000000800000000)
  region size 2048K, 22 young (45056K), 2 survivors (4096K)
 Metaspace       used 76124K, committed 76736K, reserved 1179648K
  class space    used 10702K, committed 11008K, reserved 1048576K
}
Event: 2723.948 GC heap after
{Heap after GC invocations=28 (full 5):
 garbage-first heap   total 524288K, used 82776K [0x0000000701800000, 0x0000000800000000)
  region size 2048K, 0 young (0K), 0 survivors (0K)
 Metaspace       used 76124K, committed 76736K, reserved 1179648K
  class space    used 10702K, committed 11008K, reserved 1048576K
}
Event: 2758.805 GC heap before
{Heap before GC invocations=28 (full 5):
 garbage-first heap   total 524288K, used 174936K [0x0000000701800000, 0x0000000800000000)
  region size 2048K, 40 young (81920K), 0 survivors (0K)
 Metaspace       used 76398K, committed 76992K, reserved 1179648K
  class space    used 10721K, committed 11008K, reserved 1048576K
}
Event: 2758.812 GC heap after
{Heap after GC invocations=29 (full 5):
 garbage-first heap   total 524288K, used 93813K [0x0000000701800000, 0x0000000800000000)
  region size 2048K, 1 young (2048K), 1 survivors (2048K)
 Metaspace       used 76398K, committed 76992K, reserved 1179648K
  class space    used 10721K, committed 11008K, reserved 1048576K
}
Event: 2801.379 GC heap before
{Heap before GC invocations=29 (full 5):
 garbage-first heap   total 524288K, used 173685K [0x0000000701800000, 0x0000000800000000)
  region size 2048K, 40 young (81920K), 1 survivors (2048K)
 Metaspace       used 76526K, committed 77120K, reserved 1179648K
  class space    used 10722K, committed 11008K, reserved 1048576K
}
Event: 2801.387 GC heap after
{Heap after GC invocations=30 (full 5):
 garbage-first heap   total 524288K, used 93584K [0x0000000701800000, 0x0000000800000000)
  region size 2048K, 1 young (2048K), 1 survivors (2048K)
 Metaspace       used 76526K, committed 77120K, reserved 1179648K
  class space    used 10722K, committed 11008K, reserved 1048576K
}
Event: 2813.372 GC heap before
{Heap before GC invocations=30 (full 5):
 garbage-first heap   total 524288K, used 173456K [0x0000000701800000, 0x0000000800000000)
  region size 2048K, 40 young (81920K), 1 survivors (2048K)
 Metaspace       used 77152K, committed 77824K, reserved 1179648K
  class space    used 10797K, committed 11136K, reserved 1048576K
}
Event: 2813.377 GC heap after
{Heap after GC invocations=31 (full 5):
 garbage-first heap   total 524288K, used 94513K [0x0000000701800000, 0x0000000800000000)
  region size 2048K, 1 young (2048K), 1 survivors (2048K)
 Metaspace       used 77152K, committed 77824K, reserved 1179648K
  class space    used 10797K, committed 11136K, reserved 1048576K
}
Event: 2842.319 GC heap before
{Heap before GC invocations=31 (full 5):
 garbage-first heap   total 524288K, used 174385K [0x0000000701800000, 0x0000000800000000)
  region size 2048K, 40 young (81920K), 1 survivors (2048K)
 Metaspace       used 77664K, committed 78336K, reserved 1179648K
  class space    used 10830K, committed 11136K, reserved 1048576K
}
Event: 2842.324 GC heap after
{Heap after GC invocations=32 (full 5):
 garbage-first heap   total 524288K, used 94360K [0x0000000701800000, 0x0000000800000000)
  region size 2048K, 1 young (2048K), 1 survivors (2048K)
 Metaspace       used 77664K, committed 78336K, reserved 1179648K
  class space    used 10830K, committed 11136K, reserved 1048576K
}
Event: 2846.502 GC heap before
{Heap before GC invocations=32 (full 5):
 garbage-first heap   total 524288K, used 174232K [0x0000000701800000, 0x0000000800000000)
  region size 2048K, 40 young (81920K), 1 survivors (2048K)
 Metaspace       used 77764K, committed 78336K, reserved 1179648K
  class space    used 10830K, committed 11136K, reserved 1048576K
}
Event: 2846.508 GC heap after
{Heap after GC invocations=33 (full 5):
 garbage-first heap   total 524288K, used 94891K [0x0000000701800000, 0x0000000800000000)
  region size 2048K, 1 young (2048K), 1 survivors (2048K)
 Metaspace       used 77764K, committed 78336K, reserved 1179648K
  class space    used 10830K, committed 11136K, reserved 1048576K
}

