# JRE version: OpenJDK Runtime Environment Temurin-17.0.7+7 (17.0.7+7) (build 17.0.7+7)
# Java VM: OpenJDK 64-Bit Server VM Temurin-17.0.7+7 (17.0.7+7, mixed mode, sharing, tiered, compressed oops, compressed class ptrs, g1 gc, windows-amd64)
GC Precious Log:
 CPUs: 12 total, 12 available
 Memory: 16004M
 Large Page Support: Disabled
 NUMA Support: Disabled
 Compressed Oops: Enabled (Zero based)
 Heap Region Size: 2M
 Heap Min Capacity: 512M
 Heap Initial Capacity: 512M
 Heap Max Capacity: 4072M
 Pre-touch: Disabled
 Parallel Workers: 10
 Concurrent Workers: 3
 Concurrent Refinement Workers: 10
 Periodic GC: Disabled
 String Deduplication is enabled
Heap:
 garbage-first heap   total 524288K, used 133507K [0x0000000701800000, 0x0000000800000000)
  region size 2048K, 25 young (51200K), 1 survivors (2048K)
 Metaspace       used 87161K, committed 87744K, reserved 1179648K
  class space    used 11657K, committed 12032K, reserved 1048576K
GC Heap History (20 events):
Event: 51493.089 GC heap before
{Heap before GC invocations=255 (full 104):
 garbage-first heap   total 524288K, used 161415K [0x0000000701800000, 0x0000000800000000)
  region size 2048K, 40 young (81920K), 1 survivors (2048K)
 Metaspace       used 86728K, committed 87360K, reserved 1179648K
  class space    used 11627K, committed 12032K, reserved 1048576K
}
Event: 51493.094 GC heap after
{Heap after GC invocations=256 (full 104):
 garbage-first heap   total 524288K, used 81530K [0x0000000701800000, 0x0000000800000000)
  region size 2048K, 1 young (2048K), 1 survivors (2048K)
 Metaspace       used 86728K, committed 87360K, reserved 1179648K
  class space    used 11627K, committed 12032K, reserved 1048576K
}
Event: 51501.264 GC heap before
{Heap before GC invocations=256 (full 104):
 garbage-first heap   total 524288K, used 161402K [0x0000000701800000, 0x0000000800000000)
  region size 2048K, 40 young (81920K), 1 survivors (2048K)
 Metaspace       used 86745K, committed 87360K, reserved 1179648K
  class space    used 11627K, committed 12032K, reserved 1048576K
}
Event: 51501.269 GC heap after
{Heap after GC invocations=257 (full 104):
 garbage-first heap   total 524288K, used 81651K [0x0000000701800000, 0x0000000800000000)
  region size 2048K, 1 young (2048K), 1 survivors (2048K)
 Metaspace       used 86745K, committed 87360K, reserved 1179648K
  class space    used 11627K, committed 12032K, reserved 1048576K
}
Event: 51509.519 GC heap before
{Heap before GC invocations=257 (full 104):
 garbage-first heap   total 524288K, used 161523K [0x0000000701800000, 0x0000000800000000)
  region size 2048K, 40 young (81920K), 1 survivors (2048K)
 Metaspace       used 86781K, committed 87424K, reserved 1179648K
  class space    used 11627K, committed 12032K, reserved 1048576K
}
Event: 51509.525 GC heap after
{Heap after GC invocations=258 (full 104):
 garbage-first heap   total 524288K, used 81677K [0x0000000701800000, 0x0000000800000000)
  region size 2048K, 1 young (2048K), 1 survivors (2048K)
 Metaspace       used 86781K, committed 87424K, reserved 1179648K
  class space    used 11627K, committed 12032K, reserved 1048576K
}
Event: 51553.357 GC heap before
{Heap before GC invocations=258 (full 104):
 garbage-first heap   total 524288K, used 161549K [0x0000000701800000, 0x0000000800000000)
  region size 2048K, 40 young (81920K), 1 survivors (2048K)
 Metaspace       used 86822K, committed 87424K, reserved 1179648K
  class space    used 11628K, committed 12032K, reserved 1048576K
}
Event: 51553.364 GC heap after
{Heap after GC invocations=259 (full 104):
 garbage-first heap   total 524288K, used 81672K [0x0000000701800000, 0x0000000800000000)
  region size 2048K, 1 young (2048K), 1 survivors (2048K)
 Metaspace       used 86822K, committed 87424K, reserved 1179648K
  class space    used 11628K, committed 12032K, reserved 1048576K
}
Event: 51577.375 GC heap before
{Heap before GC invocations=259 (full 104):
 garbage-first heap   total 524288K, used 161544K [0x0000000701800000, 0x0000000800000000)
  region size 2048K, 40 young (81920K), 1 survivors (2048K)
 Metaspace       used 86893K, committed 87488K, reserved 1179648K
  class space    used 11633K, committed 12032K, reserved 1048576K
}
Event: 51577.381 GC heap after
{Heap after GC invocations=260 (full 104):
 garbage-first heap   total 524288K, used 82236K [0x0000000701800000, 0x0000000800000000)
  region size 2048K, 1 young (2048K), 1 survivors (2048K)
 Metaspace       used 86893K, committed 87488K, reserved 1179648K
  class space    used 11633K, committed 12032K, reserved 1048576K
}
Event: 51587.323 GC heap before
{Heap before GC invocations=260 (full 104):
 garbage-first heap   total 524288K, used 162108K [0x0000000701800000, 0x0000000800000000)
  region size 2048K, 40 young (81920K), 1 survivors (2048K)
 Metaspace       used 86918K, committed 87488K, reserved 1179648K
  class space    used 11633K, committed 12032K, reserved 1048576K
}
Event: 51587.326 GC heap after
{Heap after GC invocations=261 (full 104):
 garbage-first heap   total 524288K, used 81947K [0x0000000701800000, 0x0000000800000000)
  region size 2048K, 1 young (2048K), 1 survivors (2048K)
 Metaspace       used 86918K, committed 87488K, reserved 1179648K
  class space    used 11633K, committed 12032K, reserved 1048576K
}
Event: 51607.216 GC heap before
{Heap before GC invocations=261 (full 104):
 garbage-first heap   total 524288K, used 161819K [0x0000000701800000, 0x0000000800000000)
  region size 2048K, 40 young (81920K), 1 survivors (2048K)
 Metaspace       used 86952K, committed 87552K, reserved 1179648K
  class space    used 11634K, committed 12032K, reserved 1048576K
}
Event: 51607.225 GC heap after
{Heap after GC invocations=262 (full 104):
 garbage-first heap   total 524288K, used 81999K [0x0000000701800000, 0x0000000800000000)
  region size 2048K, 1 young (2048K), 1 survivors (2048K)
 Metaspace       used 86952K, committed 87552K, reserved 1179648K
  class space    used 11634K, committed 12032K, reserved 1048576K
}
Event: 51645.942 GC heap before
{Heap before GC invocations=262 (full 104):
 garbage-first heap   total 524288K, used 170063K [0x0000000701800000, 0x0000000800000000)
  region size 2048K, 40 young (81920K), 1 survivors (2048K)
 Metaspace       used 87032K, committed 87616K, reserved 1179648K
  class space    used 11648K, committed 12032K, reserved 1048576K
}
Event: 51645.947 GC heap after
{Heap after GC invocations=263 (full 104):
 garbage-first heap   total 524288K, used 92423K [0x0000000701800000, 0x0000000800000000)
  region size 2048K, 1 young (2048K), 1 survivors (2048K)
 Metaspace       used 87032K, committed 87616K, reserved 1179648K
  class space    used 11648K, committed 12032K, reserved 1048576K
}
Event: 51661.416 GC heap before
{Heap before GC invocations=263 (full 104):
 garbage-first heap   total 524288K, used 172295K [0x0000000701800000, 0x0000000800000000)
  region size 2048K, 40 young (81920K), 1 survivors (2048K)
 Metaspace       used 87092K, committed 87680K, reserved 1179648K
  class space    used 11657K, committed 12032K, reserved 1048576K
}
Event: 51661.422 GC heap after
{Heap after GC invocations=264 (full 104):
 garbage-first heap   total 524288K, used 86650K [0x0000000701800000, 0x0000000800000000)
  region size 2048K, 1 young (2048K), 1 survivors (2048K)
 Metaspace       used 87092K, committed 87680K, reserved 1179648K
  class space    used 11657K, committed 12032K, reserved 1048576K
}
Event: 51690.249 GC heap before
{Heap before GC invocations=264 (full 104):
 garbage-first heap   total 524288K, used 166522K [0x0000000701800000, 0x0000000800000000)
  region size 2048K, 40 young (81920K), 1 survivors (2048K)
 Metaspace       used 87113K, committed 87680K, reserved 1179648K
  class space    used 11657K, committed 12032K, reserved 1048576K
}
Event: 51690.253 GC heap after
{Heap after GC invocations=265 (full 104):
 garbage-first heap   total 524288K, used 86403K [0x0000000701800000, 0x0000000800000000)
  region size 2048K, 1 young (2048K), 1 survivors (2048K)
 Metaspace       used 87113K, committed 87680K, reserved 1179648K
  class space    used 11657K, committed 12032K, reserved 1048576K
}

