# JRE version: OpenJDK Runtime Environment Temurin-17.0.7+7 (17.0.7+7) (build 17.0.7+7)
# Java VM: OpenJDK 64-Bit Server VM Temurin-17.0.7+7 (17.0.7+7, mixed mode, sharing, tiered, compressed oops, compressed class ptrs, g1 gc, windows-amd64)
GC Precious Log:
 CPUs: 12 total, 12 available
 Memory: 16004M
 Large Page Support: Disabled
 NUMA Support: Disabled
 Compressed Oops: Enabled (Zero based)
 Heap Region Size: 2M
 Heap Min Capacity: 512M
 Heap Initial Capacity: 512M
 Heap Max Capacity: 4072M
 Pre-touch: Disabled
 Parallel Workers: 10
 Concurrent Workers: 3
 Concurrent Refinement Workers: 10
 Periodic GC: Disabled
 String Deduplication is enabled
Heap:
 garbage-first heap   total 524288K, used 142693K [0x0000000701800000, 0x0000000800000000)
  region size 2048K, 30 young (61440K), 1 survivors (2048K)
 Metaspace       used 84859K, committed 85568K, reserved 1179648K
  class space    used 11956K, committed 12288K, reserved 1048576K
GC Heap History (20 events):
Event: 2188.086 GC heap before
{Heap before GC invocations=67 (full 3):
 garbage-first heap   total 524288K, used 168302K [0x0000000701800000, 0x0000000800000000)
  region size 2048K, 40 young (81920K), 1 survivors (2048K)
 Metaspace       used 84579K, committed 85312K, reserved 1179648K
  class space    used 11943K, committed 12288K, reserved 1048576K
}
Event: 2188.088 GC heap after
{Heap after GC invocations=68 (full 3):
 garbage-first heap   total 524288K, used 88541K [0x0000000701800000, 0x0000000800000000)
  region size 2048K, 1 young (2048K), 1 survivors (2048K)
 Metaspace       used 84579K, committed 85312K, reserved 1179648K
  class space    used 11943K, committed 12288K, reserved 1048576K
}
Event: 2228.048 GC heap before
{Heap before GC invocations=68 (full 3):
 garbage-first heap   total 524288K, used 168413K [0x0000000701800000, 0x0000000800000000)
  region size 2048K, 40 young (81920K), 1 survivors (2048K)
 Metaspace       used 84587K, committed 85312K, reserved 1179648K
  class space    used 11943K, committed 12288K, reserved 1048576K
}
Event: 2228.054 GC heap after
{Heap after GC invocations=69 (full 3):
 garbage-first heap   total 524288K, used 88573K [0x0000000701800000, 0x0000000800000000)
  region size 2048K, 1 young (2048K), 1 survivors (2048K)
 Metaspace       used 84587K, committed 85312K, reserved 1179648K
  class space    used 11943K, committed 12288K, reserved 1048576K
}
Event: 2291.058 GC heap before
{Heap before GC invocations=69 (full 3):
 garbage-first heap   total 524288K, used 168445K [0x0000000701800000, 0x0000000800000000)
  region size 2048K, 40 young (81920K), 1 survivors (2048K)
 Metaspace       used 84650K, committed 85312K, reserved 1179648K
  class space    used 11956K, committed 12288K, reserved 1048576K
}
Event: 2291.064 GC heap after
{Heap after GC invocations=70 (full 3):
 garbage-first heap   total 524288K, used 88560K [0x0000000701800000, 0x0000000800000000)
  region size 2048K, 1 young (2048K), 1 survivors (2048K)
 Metaspace       used 84650K, committed 85312K, reserved 1179648K
  class space    used 11956K, committed 12288K, reserved 1048576K
}
Event: 2390.827 GC heap before
{Heap before GC invocations=70 (full 3):
 garbage-first heap   total 524288K, used 168432K [0x0000000701800000, 0x0000000800000000)
  region size 2048K, 40 young (81920K), 1 survivors (2048K)
 Metaspace       used 84654K, committed 85312K, reserved 1179648K
  class space    used 11956K, committed 12288K, reserved 1048576K
}
Event: 2390.832 GC heap after
{Heap after GC invocations=71 (full 3):
 garbage-first heap   total 524288K, used 88684K [0x0000000701800000, 0x0000000800000000)
  region size 2048K, 1 young (2048K), 1 survivors (2048K)
 Metaspace       used 84654K, committed 85312K, reserved 1179648K
  class space    used 11956K, committed 12288K, reserved 1048576K
}
Event: 2456.028 GC heap before
{Heap before GC invocations=71 (full 3):
 garbage-first heap   total 524288K, used 168556K [0x0000000701800000, 0x0000000800000000)
  region size 2048K, 40 young (81920K), 1 survivors (2048K)
 Metaspace       used 84704K, committed 85440K, reserved 1179648K
  class space    used 11956K, committed 12288K, reserved 1048576K
}
Event: 2456.033 GC heap after
{Heap after GC invocations=72 (full 3):
 garbage-first heap   total 524288K, used 89147K [0x0000000701800000, 0x0000000800000000)
  region size 2048K, 2 young (4096K), 2 survivors (4096K)
 Metaspace       used 84704K, committed 85440K, reserved 1179648K
  class space    used 11956K, committed 12288K, reserved 1048576K
}
Event: 2458.874 GC heap before
{Heap before GC invocations=72 (full 3):
 garbage-first heap   total 524288K, used 164923K [0x0000000701800000, 0x0000000800000000)
  region size 2048K, 40 young (81920K), 2 survivors (4096K)
 Metaspace       used 84727K, committed 85440K, reserved 1179648K
  class space    used 11956K, committed 12288K, reserved 1048576K
}
Event: 2458.877 GC heap after
{Heap after GC invocations=73 (full 3):
 garbage-first heap   total 524288K, used 88651K [0x0000000701800000, 0x0000000800000000)
  region size 2048K, 1 young (2048K), 1 survivors (2048K)
 Metaspace       used 84727K, committed 85440K, reserved 1179648K
  class space    used 11956K, committed 12288K, reserved 1048576K
}
Event: 2507.136 GC heap before
{Heap before GC invocations=73 (full 3):
 garbage-first heap   total 524288K, used 143947K [0x0000000701800000, 0x0000000800000000)
  region size 2048K, 29 young (59392K), 1 survivors (2048K)
 Metaspace       used 84737K, committed 85440K, reserved 1179648K
  class space    used 11956K, committed 12288K, reserved 1048576K
}
Event: 2507.314 GC heap after
{Heap after GC invocations=74 (full 4):
 garbage-first heap   total 524288K, used 83532K [0x0000000701800000, 0x0000000800000000)
  region size 2048K, 0 young (0K), 0 survivors (0K)
 Metaspace       used 84737K, committed 85440K, reserved 1179648K
  class space    used 11956K, committed 12288K, reserved 1048576K
}
Event: 2558.147 GC heap before
{Heap before GC invocations=74 (full 4):
 garbage-first heap   total 524288K, used 165452K [0x0000000701800000, 0x0000000800000000)
  region size 2048K, 40 young (81920K), 0 survivors (0K)
 Metaspace       used 84770K, committed 85504K, reserved 1179648K
  class space    used 11956K, committed 12288K, reserved 1048576K
}
Event: 2558.150 GC heap after
{Heap after GC invocations=75 (full 4):
 garbage-first heap   total 524288K, used 84687K [0x0000000701800000, 0x0000000800000000)
  region size 2048K, 1 young (2048K), 1 survivors (2048K)
 Metaspace       used 84770K, committed 85504K, reserved 1179648K
  class space    used 11956K, committed 12288K, reserved 1048576K
}
Event: 2588.822 GC heap before
{Heap before GC invocations=75 (full 4):
 garbage-first heap   total 524288K, used 164559K [0x0000000701800000, 0x0000000800000000)
  region size 2048K, 40 young (81920K), 1 survivors (2048K)
 Metaspace       used 84808K, committed 85504K, reserved 1179648K
  class space    used 11956K, committed 12288K, reserved 1048576K
}
Event: 2588.827 GC heap after
{Heap after GC invocations=76 (full 4):
 garbage-first heap   total 524288K, used 84255K [0x0000000701800000, 0x0000000800000000)
  region size 2048K, 1 young (2048K), 1 survivors (2048K)
 Metaspace       used 84808K, committed 85504K, reserved 1179648K
  class space    used 11956K, committed 12288K, reserved 1048576K
}
Event: 2600.196 GC heap before
{Heap before GC invocations=76 (full 4):
 garbage-first heap   total 524288K, used 164127K [0x0000000701800000, 0x0000000800000000)
  region size 2048K, 40 young (81920K), 1 survivors (2048K)
 Metaspace       used 84840K, committed 85504K, reserved 1179648K
  class space    used 11956K, committed 12288K, reserved 1048576K
}
Event: 2600.198 GC heap after
{Heap after GC invocations=77 (full 4):
 garbage-first heap   total 524288K, used 85349K [0x0000000701800000, 0x0000000800000000)
  region size 2048K, 1 young (2048K), 1 survivors (2048K)
 Metaspace       used 84840K, committed 85504K, reserved 1179648K
  class space    used 11956K, committed 12288K, reserved 1048576K
}

